<?xml version="1.0" encoding="UTF-8"?>
<testng-results skipped="0" failed="1" ignored="0" total="2" passed="1">
  <reporter-output>
    <line>
      <![CDATA[https://www.cleartrip.com/]]>
    </line>
    <line>
      <![CDATA[clickHotelMenu()]]>
    </line>
    <line>
      <![CDATA[clickFlightMenu()]]>
    </line>
    <line>
      <![CDATA[clickRoundTripOption()]]>
    </line>
  </reporter-output>
  <suite name="Default suite" duration-ms="8666" started-at="2020-03-11T14:03:50 IST" finished-at="2020-03-11T14:03:59 IST">
    <groups>
    </groups>
    <test name="Default test" duration-ms="8666" started-at="2020-03-11T14:03:50 IST" finished-at="2020-03-11T14:03:59 IST">
      <class name="com.assignment.cleartrip.webapp.test.search.flight.FlightSearchTest">
        <test-method status="PASS" signature="launch_webdriver()[pri:0, instance:com.assignment.cleartrip.webapp.test.search.flight.FlightSearchTest@3b088d51]" name="launch_webdriver" is-config="true" duration-ms="10182" started-at="2020-03-11T14:03:33 IST" finished-at="2020-03-11T14:03:44 IST">
          <reporter-output>
          </reporter-output>
        </test-method> <!-- launch_webdriver -->
        <test-method status="PASS" signature="load_base_url()[pri:0, instance:com.assignment.cleartrip.webapp.test.search.flight.FlightSearchTest@3b088d51]" name="load_base_url" is-config="true" duration-ms="6375" started-at="2020-03-11T14:03:44 IST" depends-on-methods="com.assignment.cleartrip.webapp.test.base.BrowserTest.launch_webdriver" finished-at="2020-03-11T14:03:50 IST">
          <reporter-output>
          </reporter-output>
        </test-method> <!-- load_base_url -->
        <test-method status="PASS" signature="beforeClassMethod()[pri:0, instance:com.assignment.cleartrip.webapp.test.search.flight.FlightSearchTest@3b088d51]" name="beforeClassMethod" is-config="true" duration-ms="81" started-at="2020-03-11T14:03:50 IST" finished-at="2020-03-11T14:03:50 IST">
          <reporter-output>
          </reporter-output>
        </test-method> <!-- beforeClassMethod -->
        <test-method status="PASS" signature="verify_load_time()[pri:0, instance:com.assignment.cleartrip.webapp.test.search.flight.FlightSearchTest@3b088d51]" name="verify_load_time" duration-ms="17" started-at="2020-03-11T14:03:50 IST" finished-at="2020-03-11T14:03:50 IST">
          <reporter-output>
            <line>
              <![CDATA[https://www.cleartrip.com/]]>
            </line>
          </reporter-output>
        </test-method> <!-- verify_load_time -->
        <test-method status="FAIL" signature="search_flightfromdeltomum()[pri:0, instance:com.assignment.cleartrip.webapp.test.search.flight.FlightSearchTest@3b088d51]" name="search_flightfromdeltomum" duration-ms="8513" started-at="2020-03-11T14:03:50 IST" finished-at="2020-03-11T14:03:59 IST">
          <exception class="org.openqa.selenium.NoSuchElementException">
            <message>
              <![CDATA[no such element: Unable to locate element: {"method":"css selector","selector":"#RoundTrip"}
  (Session info: chrome=80.0.3987.132)
For documentation on this error, please visit: https://www.seleniumhq.org/exceptions/no_such_element.html
Build info: version: '3.141.59', revision: 'e82be7d358', time: '2018-11-14T08:17:03'
System info: host: 'AMARYADAV', ip: '192.168.0.4', os.name: 'Windows 10', os.arch: 'amd64', os.version: '10.0', java.version: '1.8.0_131'
Driver info: org.openqa.selenium.chrome.ChromeDriver
Capabilities {acceptInsecureCerts: true, browserName: chrome, browserVersion: 80.0.3987.132, chrome: {chromedriverVersion: 80.0.3987.106 (f68069574609..., userDataDir: C:\Users\AMARYA~1\AppData\L...}, goog:chromeOptions: {debuggerAddress: localhost:54236}, javascriptEnabled: true, networkConnectionEnabled: false, pageLoadStrategy: normal, platform: WINDOWS, platformName: WINDOWS, proxy: Proxy(), setWindowRect: true, strictFileInteractability: false, timeouts: {implicit: 0, pageLoad: 300000, script: 30000}, unhandledPromptBehavior: dismiss and notify}
Session ID: 4b533ec649b2fdb9cc3042a29d3ec05f
*** Element info: {Using=id, value=RoundTrip}]]>
            </message>
            <full-stacktrace>
              <![CDATA[org.openqa.selenium.NoSuchElementException: no such element: Unable to locate element: {"method":"css selector","selector":"#RoundTrip"}
  (Session info: chrome=80.0.3987.132)
For documentation on this error, please visit: https://www.seleniumhq.org/exceptions/no_such_element.html
Build info: version: '3.141.59', revision: 'e82be7d358', time: '2018-11-14T08:17:03'
System info: host: 'AMARYADAV', ip: '192.168.0.4', os.name: 'Windows 10', os.arch: 'amd64', os.version: '10.0', java.version: '1.8.0_131'
Driver info: org.openqa.selenium.chrome.ChromeDriver
Capabilities {acceptInsecureCerts: true, browserName: chrome, browserVersion: 80.0.3987.132, chrome: {chromedriverVersion: 80.0.3987.106 (f68069574609..., userDataDir: C:\Users\AMARYA~1\AppData\L...}, goog:chromeOptions: {debuggerAddress: localhost:54236}, javascriptEnabled: true, networkConnectionEnabled: false, pageLoadStrategy: normal, platform: WINDOWS, platformName: WINDOWS, proxy: Proxy(), setWindowRect: true, strictFileInteractability: false, timeouts: {implicit: 0, pageLoad: 300000, script: 30000}, unhandledPromptBehavior: dismiss and notify}
Session ID: 4b533ec649b2fdb9cc3042a29d3ec05f
*** Element info: {Using=id, value=RoundTrip}
at sun.reflect.NativeConstructorAccessorImpl.newInstance0(Native Method)
at sun.reflect.NativeConstructorAccessorImpl.newInstance(Unknown Source)
at sun.reflect.DelegatingConstructorAccessorImpl.newInstance(Unknown Source)
at java.lang.reflect.Constructor.newInstance(Unknown Source)
at org.openqa.selenium.remote.http.W3CHttpResponseCodec.createException(W3CHttpResponseCodec.java:187)
at org.openqa.selenium.remote.http.W3CHttpResponseCodec.decode(W3CHttpResponseCodec.java:122)
at org.openqa.selenium.remote.http.W3CHttpResponseCodec.decode(W3CHttpResponseCodec.java:49)
at org.openqa.selenium.remote.HttpCommandExecutor.execute(HttpCommandExecutor.java:158)
at org.openqa.selenium.remote.service.DriverCommandExecutor.execute(DriverCommandExecutor.java:83)
at org.openqa.selenium.remote.RemoteWebDriver.execute(RemoteWebDriver.java:552)
at org.openqa.selenium.remote.RemoteWebDriver.findElement(RemoteWebDriver.java:323)
at org.openqa.selenium.remote.RemoteWebDriver.findElementById(RemoteWebDriver.java:372)
at org.openqa.selenium.By$ById.findElement(By.java:188)
at org.openqa.selenium.remote.RemoteWebDriver.findElement(RemoteWebDriver.java:315)
at org.openqa.selenium.support.pagefactory.DefaultElementLocator.findElement(DefaultElementLocator.java:69)
at org.openqa.selenium.support.pagefactory.internal.LocatingElementHandler.invoke(LocatingElementHandler.java:38)
at com.sun.proxy.$Proxy10.isDisplayed(Unknown Source)
at com.assignment.cleartrip.webapp.test.home.FlightPage.clickRoundTripOption(FlightPage.java:77)
at com.assignment.cleartrip.webapp.test.search.flight.FlightSearchTest.search_flightfromdeltomum(FlightSearchTest.java:33)
at sun.reflect.NativeMethodAccessorImpl.invoke0(Native Method)
at sun.reflect.NativeMethodAccessorImpl.invoke(Unknown Source)
at sun.reflect.DelegatingMethodAccessorImpl.invoke(Unknown Source)
at java.lang.reflect.Method.invoke(Unknown Source)
at org.testng.internal.MethodInvocationHelper.invokeMethod(MethodInvocationHelper.java:134)
at org.testng.internal.TestInvoker.invokeMethod(TestInvoker.java:597)
at org.testng.internal.TestInvoker.invokeTestMethod(TestInvoker.java:173)
at org.testng.internal.MethodRunner.runInSequence(MethodRunner.java:46)
at org.testng.internal.TestInvoker$MethodInvocationAgent.invoke(TestInvoker.java:816)
at org.testng.internal.TestInvoker.invokeTestMethods(TestInvoker.java:146)
at org.testng.internal.TestMethodWorker.invokeTestMethods(TestMethodWorker.java:146)
at org.testng.internal.TestMethodWorker.run(TestMethodWorker.java:128)
at java.util.ArrayList.forEach(Unknown Source)
at org.testng.TestRunner.privateRun(TestRunner.java:766)
at org.testng.TestRunner.run(TestRunner.java:587)
at org.testng.SuiteRunner.runTest(SuiteRunner.java:384)
at org.testng.SuiteRunner.runSequentially(SuiteRunner.java:378)
at org.testng.SuiteRunner.privateRun(SuiteRunner.java:337)
at org.testng.SuiteRunner.run(SuiteRunner.java:286)
at org.testng.SuiteRunnerWorker.runSuite(SuiteRunnerWorker.java:53)
at org.testng.SuiteRunnerWorker.run(SuiteRunnerWorker.java:96)
at org.testng.TestNG.runSuitesSequentially(TestNG.java:1187)
at org.testng.TestNG.runSuitesLocally(TestNG.java:1109)
at org.testng.TestNG.runSuites(TestNG.java:1039)
at org.testng.TestNG.run(TestNG.java:1007)
at org.testng.remote.AbstractRemoteTestNG.run(AbstractRemoteTestNG.java:115)
at org.testng.remote.RemoteTestNG.initAndRun(RemoteTestNG.java:251)
at org.testng.remote.RemoteTestNG.main(RemoteTestNG.java:77)
]]>
            </full-stacktrace>
          </exception> <!-- org.openqa.selenium.NoSuchElementException -->
          <reporter-output>
            <line>
              <![CDATA[clickHotelMenu()]]>
            </line>
            <line>
              <![CDATA[clickFlightMenu()]]>
            </line>
            <line>
              <![CDATA[clickRoundTripOption()]]>
            </line>
          </reporter-output>
        </test-method> <!-- search_flightfromdeltomum -->
        <test-method status="PASS" signature="tear_down_webdriver()[pri:0, instance:com.assignment.cleartrip.webapp.test.search.flight.FlightSearchTest@3b088d51]" name="tear_down_webdriver" is-config="true" duration-ms="776" started-at="2020-03-11T14:03:59 IST" finished-at="2020-03-11T14:03:59 IST">
          <reporter-output>
          </reporter-output>
        </test-method> <!-- tear_down_webdriver -->
      </class> <!-- com.assignment.cleartrip.webapp.test.search.flight.FlightSearchTest -->
    </test> <!-- Default test -->
  </suite> <!-- Default suite -->
</testng-results>
